<?xml version="1.0" encoding="UTF-8"?>
<!-- Generated by org.testng.reporters.JUnitReportReporter -->
<testsuite hostname="QT-INBG-LT0549" failures="0" tests="1" name="TestCases.hotelSearch" time="32.334" errors="0" timestamp="21 Nov 2019 11:01:22 GMT" skipped="0">
  <testcase classname="TestCases.hotelSearch" name="searchHotel" time="32.334"/>
</testsuite> <!-- TestCases.hotelSearch -->
