<?xml version="1.0" encoding="UTF-8"?>
<!-- Generated by org.testng.reporters.JUnitReportReporter -->
<testsuite hostname="QT-INBG-LT0549" failures="0" tests="1" name="TestCases.hotelSearch" time="8.789" errors="0" timestamp="20 Nov 2019 10:09:19 GMT" skipped="0">
  <testcase classname="TestCases.hotelSearch" name="searchHotel" time="8.789"/>
</testsuite> <!-- TestCases.hotelSearch -->
